<?xml version="1.0" encoding="UTF-8"?>
<testng-results ignored="0" total="1" passed="1" failed="0" skipped="0">
  <reporter-output>
  </reporter-output>
  <suite started-at="2024-05-22T01:23:02 IST" name="Default suite" finished-at="2024-05-22T01:23:22 IST" duration-ms="19961">
    <groups>
    </groups>
    <test started-at="2024-05-22T01:23:02 IST" name="Default test" finished-at="2024-05-22T01:23:22 IST" duration-ms="19961">
      <class name="Automation.MAZAD.login">
        <test-method signature="verifyLogin()[pri:0, instance:Automation.MAZAD.login@1e6a3214]" started-at="2024-05-22T01:23:02 IST" name="verifyLogin" finished-at="2024-05-22T01:23:22 IST" duration-ms="19868" status="PASS">
          <reporter-output>
          </reporter-output>
        </test-method> <!-- verifyLogin -->
      </class> <!-- Automation.MAZAD.login -->
    </test> <!-- Default test -->
  </suite> <!-- Default suite -->
</testng-results>
